Watching for file changes with StatReloader
[15/Nov/2025 12:40:03] "GET /api/health/ HTTP/1.1" 200 94
[15/Nov/2025 12:40:21] "POST /api/file-search-stores/ HTTP/1.1" 201 541
[15/Nov/2025 12:40:27] "GET /api/file-search-stores/ HTTP/1.1" 200 593
[15/Nov/2025 12:40:34] "GET /api/file-search-stores/19953e94-2941-42d0-b859-437077486bdd/stats/ HTTP/1.1" 200 302
/home/viscous/Viscous/intelligent_storage/backend/storage/admin.py changed, reloading.
Performing system checks...

System check identified no issues (0 silenced).
November 15, 2025 - 12:39:52
Django version 5.2.8, using settings 'core.settings'
Starting development server at http://0.0.0.0:8000/
Quit the server with CONTROL-C.

WARNING: This is a development server. Do not use it in a production setting. Use a production WSGI or ASGI server instead.
For more information on production servers see: https://docs.djangoproject.com/en/5.2/howto/deployment/
Watching for file changes with StatReloader
Exception in thread django-main-thread:
Traceback (most recent call last):
  File "/usr/lib/python3.13/threading.py", line 1043, in _bootstrap_inner
    self.run()
    ~~~~~~~~^^
  File "/usr/lib/python3.13/threading.py", line 994, in run
    self._target(*self._args, **self._kwargs)
    ~~~~~~~~~~~~^^^^^^^^^^^^^^^^^^^^^^^^^^^^^
  File "/home/viscous/Viscous/intelligent_storage/backend/venv/lib/python3.13/site-packages/django/utils/autoreload.py", line 64, in wrapper
    fn(*args, **kwargs)
    ~~^^^^^^^^^^^^^^^^^
  File "/home/viscous/Viscous/intelligent_storage/backend/venv/lib/python3.13/site-packages/django/core/management/commands/runserver.py", line 134, in inner_run
    self.check(**check_kwargs)
    ~~~~~~~~~~^^^^^^^^^^^^^^^^
  File "/home/viscous/Viscous/intelligent_storage/backend/venv/lib/python3.13/site-packages/django/core/management/base.py", line 569, in check
    raise SystemCheckError(msg)
django.core.management.base.SystemCheckError: SystemCheckError: System check identified some issues:

ERRORS:
<class 'storage.admin.MediaFileAdmin'>: (admin.E012) There are duplicate field(s) in 'fieldsets[8][1]'.

System check identified 1 issue (0 silenced).
/home/viscous/Viscous/intelligent_storage/backend/storage/apps.py changed, reloading.
Performing system checks...

Watching for file changes with StatReloader
Exception in thread django-main-thread:
Traceback (most recent call last):
  File "/usr/lib/python3.13/threading.py", line 1043, in _bootstrap_inner
    self.run()
    ~~~~~~~~^^
  File "/usr/lib/python3.13/threading.py", line 994, in run
    self._target(*self._args, **self._kwargs)
    ~~~~~~~~~~~~^^^^^^^^^^^^^^^^^^^^^^^^^^^^^
  File "/home/viscous/Viscous/intelligent_storage/backend/venv/lib/python3.13/site-packages/django/utils/autoreload.py", line 64, in wrapper
    fn(*args, **kwargs)
    ~~^^^^^^^^^^^^^^^^^
  File "/home/viscous/Viscous/intelligent_storage/backend/venv/lib/python3.13/site-packages/django/core/management/commands/runserver.py", line 134, in inner_run
    self.check(**check_kwargs)
    ~~~~~~~~~~^^^^^^^^^^^^^^^^
  File "/home/viscous/Viscous/intelligent_storage/backend/venv/lib/python3.13/site-packages/django/core/management/base.py", line 569, in check
    raise SystemCheckError(msg)
django.core.management.base.SystemCheckError: SystemCheckError: System check identified some issues:

ERRORS:
<class 'storage.admin.MediaFileAdmin'>: (admin.E012) There are duplicate field(s) in 'fieldsets[8][1]'.

System check identified 1 issue (0 silenced).
/home/viscous/Viscous/intelligent_storage/backend/storage/admin.py changed, reloading.
Performing system checks...

Watching for file changes with StatReloader
